ERROR: Unable to locate a modulefile for 'intel/19.0.5'
ERROR: Unable to locate a modulefile for 'intel-mpi/2019.8.254'
mpp3r01c03s08.259465hfi_userinit: assign_context command failed: Interrupted system call
mpp3r01c03s08.259465hfp_gen1_context_open: hfi_userinit: failed, trying again (1/3)
Executing code with: RANKS:2  THREADS:1  MSIZE:400  STEALP:0.500000  STEALING:1
srun: Job step aborted: Waiting up to 32 seconds for job step to finish.
slurmstepd: error: *** STEP 533992.0 ON mpp3r01c03s08 CANCELLED AT 2021-05-17T22:49:57 DUE TO TIME LIMIT ***
slurmstepd: error: *** JOB 533992 ON mpp3r01c03s08 CANCELLED AT 2021-05-17T22:49:57 DUE TO TIME LIMIT ***
