ERROR: Unable to locate a modulefile for 'intel/19.0.5'
ERROR: Unable to locate a modulefile for 'intel-mpi/2019.8.254'
srun: Job step aborted: Waiting up to 32 seconds for job step to finish.
slurmstepd: error: *** STEP 534561.1 ON mpp3r01c03s02 CANCELLED AT 2021-06-02T21:18:29 DUE TO TIME LIMIT ***
slurmstepd: error: *** JOB 534561 ON mpp3r01c03s02 CANCELLED AT 2021-06-02T21:18:29 DUE TO TIME LIMIT ***
